Release 13.4 - xst O.87xd (lin64)
Copyright (c) 1995-2011 Xilinx, Inc.  All rights reserved.
--> 
Parameter TMPDIR set to xst/projnav.tmp


Total REAL time to Xst completion: 0.00 secs
Total CPU time to Xst completion: 0.04 secs
 
--> 
Parameter xsthdpdir set to xst


Total REAL time to Xst completion: 0.00 secs
Total CPU time to Xst completion: 0.04 secs
 
--> 
Reading design: VGAController.prj

TABLE OF CONTENTS
  1) Synthesis Options Summary
  2) HDL Compilation
  3) Design Hierarchy Analysis
  4) HDL Analysis
  5) HDL Synthesis
     5.1) HDL Synthesis Report
  6) Advanced HDL Synthesis
     6.1) Advanced HDL Synthesis Report
  7) Low Level Synthesis
  8) Partition Report
  9) Final Report
	9.1) Device utilization summary
	9.2) Partition Resource Summary
	9.3) TIMING REPORT


=========================================================================
*                      Synthesis Options Summary                        *
=========================================================================
---- Source Parameters
Input File Name                    : "VGAController.prj"
Input Format                       : mixed
Ignore Synthesis Constraint File   : NO

---- Target Parameters
Output File Name                   : "VGAController"
Output Format                      : NGC
Target Device                      : xc3s500e-5-fg320

---- Source Options
Top Module Name                    : VGAController
Automatic FSM Extraction           : YES
FSM Encoding Algorithm             : Auto
Safe Implementation                : No
FSM Style                          : LUT
RAM Extraction                     : Yes
RAM Style                          : Auto
ROM Extraction                     : Yes
Mux Style                          : Auto
Decoder Extraction                 : YES
Priority Encoder Extraction        : Yes
Shift Register Extraction          : YES
Logical Shifter Extraction         : YES
XOR Collapsing                     : YES
ROM Style                          : Auto
Mux Extraction                     : Yes
Resource Sharing                   : YES
Asynchronous To Synchronous        : NO
Multiplier Style                   : Auto
Automatic Register Balancing       : No

---- Target Options
Add IO Buffers                     : YES
Global Maximum Fanout              : 100000
Add Generic Clock Buffer(BUFG)     : 24
Register Duplication               : YES
Slice Packing                      : YES
Optimize Instantiated Primitives   : NO
Use Clock Enable                   : Yes
Use Synchronous Set                : Yes
Use Synchronous Reset              : Yes
Pack IO Registers into IOBs        : Auto
Equivalent register Removal        : YES

---- General Options
Optimization Goal                  : Speed
Optimization Effort                : 1
Keep Hierarchy                     : No
Netlist Hierarchy                  : As_Optimized
RTL Output                         : Yes
Global Optimization                : AllClockNets
Read Cores                         : NO
Write Timing Constraints           : NO
Cross Clock Analysis               : NO
Hierarchy Separator                : /
Bus Delimiter                      : <>
Case Specifier                     : Maintain
Slice Utilization Ratio            : 100
BRAM Utilization Ratio             : 100
Verilog 2001                       : YES
Auto BRAM Packing                  : NO
Slice Utilization Ratio Delta      : 5

=========================================================================


=========================================================================
*                          HDL Compilation                              *
=========================================================================
Compiling vhdl file "/home/student1/a2bholat/coe758/VGAController/ipcore_dir/icon.vhd" in Library work.
Architecture icon_a of Entity icon is up to date.
Compiling vhdl file "/home/student1/a2bholat/coe758/VGAController/ipcore_dir/ila.vhd" in Library work.
Architecture ila_a of Entity ila is up to date.
Compiling vhdl file "/home/student1/a2bholat/coe758/VGAController/VGAController.vhd" in Library work.
Entity <vgacontroller> compiled.
Entity <vgacontroller> (Architecture <behavioral>) compiled.

=========================================================================
*                     Design Hierarchy Analysis                         *
=========================================================================
Analyzing hierarchy for entity <VGAController> in library <work> (architecture <behavioral>).
WARNING:Xst:2094 - "/home/student1/a2bholat/coe758/VGAController/VGAController.vhd" line 130: Default value is ignored for signal <ball_mid>.


=========================================================================
*                            HDL Analysis                               *
=========================================================================
Analyzing Entity <VGAController> in library <work> (Architecture <behavioral>).
WARNING:Xst:2094 - "/home/student1/a2bholat/coe758/VGAController/VGAController.vhd" line 130: Default value is ignored for signal <ball_mid>.
WARNING:Xst:2211 - "/home/student1/a2bholat/coe758/VGAController/VGAController.vhd" line 160: Instantiating black box module <icon>.
WARNING:Xst:2211 - "/home/student1/a2bholat/coe758/VGAController/VGAController.vhd" line 165: Instantiating black box module <ila>.
INFO:Xst:2679 - Register <ball_R> in unit <VGAController> has a constant value of 11111111 during circuit operation. The register is replaced by logic.
Entity <VGAController> analyzed. Unit <VGAController> generated.


=========================================================================
*                           HDL Synthesis                               *
=========================================================================

Performing bidirectional port resolution...

Synthesizing Unit <VGAController>.
    Related source file is "/home/student1/a2bholat/coe758/VGAController/VGAController.vhd".
WARNING:Xst:653 - Signal <trig0> is used but never assigned. This sourceless signal will be automatically connected to value 00000000.
WARNING:Xst:646 - Signal <top_border> is assigned but never used. This unconnected signal will be trimmed during the optimization process.
WARNING:Xst:646 - Signal <right_paddle> is assigned but never used. This unconnected signal will be trimmed during the optimization process.
WARNING:Xst:646 - Signal <right_border> is assigned but never used. This unconnected signal will be trimmed during the optimization process.
WARNING:Xst:646 - Signal <left_paddle> is assigned but never used. This unconnected signal will be trimmed during the optimization process.
WARNING:Xst:646 - Signal <left_border> is assigned but never used. This unconnected signal will be trimmed during the optimization process.
WARNING:Xst:646 - Signal <bottom_border> is assigned but never used. This unconnected signal will be trimmed during the optimization process.
    Found 32-bit subtractor for signal <$sub0000> created at line 312.
    Found 8-bit register for signal <B_sig>.
    Found 8-bit register for signal <ball_B>.
    Found 32-bit comparator greatequal for signal <ball_B$cmp_ge0000> created at line 467.
    Found 32-bit comparator greater for signal <ball_B$cmp_gt0000> created at line 409.
    Found 32-bit comparator greater for signal <ball_B$cmp_gt0001> created at line 405.
    Found 32-bit comparator lessequal for signal <ball_B$cmp_le0000> created at line 467.
    Found 32-bit comparator less for signal <ball_B$cmp_lt0000> created at line 409.
    Found 32-bit comparator less for signal <ball_B$cmp_lt0001> created at line 409.
    Found 19-bit up counter for signal <ball_counter>.
    Found 32-bit register for signal <ball_dx>.
    Found 32-bit adder for signal <ball_dx$add0000> created at line 439.
    Found 32-bit adder for signal <ball_dx$add0001> created at line 435.
    Found 32-bit adder for signal <ball_dx$add0002> created at line 425.
    Found 32-bit adder for signal <ball_dx$add0003> created at line 421.
    Found 32-bit adder for signal <ball_dx$addsub0000> created at line 470.
    Found 32-bit comparator greatequal for signal <ball_dx$cmp_ge0000> created at line 405.
    Found 32-bit comparator greatequal for signal <ball_dx$cmp_ge0001> created at line 409.
    Found 32-bit comparator greatequal for signal <ball_dx$cmp_ge0002> created at line 435.
    Found 32-bit comparator greatequal for signal <ball_dx$cmp_ge0003> created at line 429.
    Found 32-bit comparator greatequal for signal <ball_dx$cmp_ge0004> created at line 421.
    Found 32-bit comparator greatequal for signal <ball_dx$cmp_ge0005> created at line 415.
    Found 32-bit comparator greatequal for signal <ball_dx$cmp_ge0006> created at line 415.
    Found 32-bit comparator greatequal for signal <ball_dx$cmp_ge0007> created at line 429.
    Found 32-bit comparator greatequal for signal <ball_dx$cmp_ge0008> created at line 429.
    Found 32-bit comparator greater for signal <ball_dx$cmp_gt0000> created at line 439.
    Found 32-bit comparator greater for signal <ball_dx$cmp_gt0001> created at line 425.
    Found 32-bit comparator greater for signal <ball_dx$cmp_gt0002> created at line 425.
    Found 32-bit comparator lessequal for signal <ball_dx$cmp_le0000> created at line 405.
    Found 32-bit comparator lessequal for signal <ball_dx$cmp_le0001> created at line 405.
    Found 32-bit comparator lessequal for signal <ball_dx$cmp_le0002> created at line 415.
    Found 32-bit comparator lessequal for signal <ball_dx$cmp_le0003> created at line 425.
    Found 32-bit comparator lessequal for signal <ball_dx$cmp_le0004> created at line 439.
    Found 32-bit comparator less for signal <ball_dx$cmp_lt0000> created at line 439.
    Found 32-bit comparator less for signal <ball_dx$cmp_lt0001> created at line 439.
    Found 32-bit comparator less for signal <ball_dx$cmp_lt0002> created at line 435.
    Found 32-bit comparator less for signal <ball_dx$cmp_lt0003> created at line 429.
    Found 32-bit comparator less for signal <ball_dx$cmp_lt0004> created at line 425.
    Found 32-bit comparator less for signal <ball_dx$cmp_lt0005> created at line 421.
    Found 32-bit comparator less for signal <ball_dx$cmp_lt0006> created at line 415.
    Found 2-bit register for signal <ball_dy>.
    Found 32-bit comparator greater for signal <ball_dy$cmp_gt0000> created at line 455.
    Found 32-bit comparator lessequal for signal <ball_dy$cmp_le0000> created at line 455.
    Found 32-bit comparator less for signal <ball_dy$cmp_lt0000> created at line 457.
    Found 8-bit register for signal <ball_G>.
    Found 32-bit register for signal <ball_h>.
    Found 32-bit adder for signal <ball_h$addsub0000>.
    Found 32-bit comparator greater for signal <ball_h$cmp_gt0000> created at line 467.
    Found 32-bit comparator less for signal <ball_h$cmp_lt0000> created at line 467.
    Found 32-bit register for signal <ball_mid>.
    Found 32-bit adder for signal <ball_mid$add0000> created at line 400.
    Found 1-bit register for signal <ball_state>.
    Found 1-bit register for signal <ball_tick>.
    Found 32-bit register for signal <ball_v>.
    Found 32-bit adder for signal <ball_v$addsub0000>.
    Found 16-bit up counter for signal <clk_div>.
    Found 8-bit register for signal <G_sig>.
    Found 32-bit up counter for signal <h_pos>.
    Found 1-bit register for signal <h_sync_sig>.
    Found 32-bit comparator greater for signal <h_sync_sig$cmp_gt0000> created at line 226.
    Found 32-bit comparator lessequal for signal <h_sync_sig$cmp_le0000> created at line 226.
    Found 1-bit register for signal <ila_clk>.
    Found 19-bit up counter for signal <input_counter>.
    Found 1-bit register for signal <input_tick>.
    Found 32-bit updown counter for signal <paddle1_top>.
    Found 32-bit adder for signal <paddle1_top$add0000> created at line 357.
    Found 32-bit comparator greatequal for signal <paddle1_top$cmp_ge0000> created at line 357.
    Found 32-bit comparator greater for signal <paddle1_top$cmp_gt0000> created at line 356.
    Found 32-bit comparator lessequal for signal <paddle1_top$cmp_le0000> created at line 356.
    Found 32-bit updown counter for signal <paddle2_top>.
    Found 32-bit comparator greatequal for signal <paddle2_top$cmp_ge0000> created at line 364.
    Found 32-bit comparator greater for signal <paddle2_top$cmp_gt0000> created at line 363.
    Found 32-bit comparator lessequal for signal <paddle2_top$cmp_le0000> created at line 363.
    Found 1-bit register for signal <pxl_clk>.
    Found 8-bit register for signal <R_sig>.
    Found 32-bit adder for signal <R_sig$add0000> created at line 264.
    Found 32-bit adder for signal <R_sig$add0001> created at line 264.
    Found 32-bit adder for signal <R_sig$add0002> created at line 273.
    Found 32-bit comparator greatequal for signal <R_sig$cmp_ge0000> created at line 264.
    Found 32-bit comparator greatequal for signal <R_sig$cmp_ge0001> created at line 264.
    Found 32-bit comparator greatequal for signal <R_sig$cmp_ge0002> created at line 267.
    Found 32-bit comparator greatequal for signal <R_sig$cmp_ge0003> created at line 267.
    Found 32-bit comparator greatequal for signal <R_sig$cmp_ge0004> created at line 311.
    Found 32-bit comparator greatequal for signal <R_sig$cmp_ge0005> created at line 283.
    Found 32-bit comparator greatequal for signal <R_sig$cmp_ge0006> created at line 277.
    Found 32-bit comparator greatequal for signal <R_sig$cmp_ge0007> created at line 273.
    Found 32-bit comparator greatequal for signal <R_sig$cmp_ge0008> created at line 273.
    Found 32-bit comparator greatequal for signal <R_sig$cmp_ge0009> created at line 277.
    Found 32-bit comparator greatequal for signal <R_sig$cmp_ge0010> created at line 293.
    Found 32-bit comparator greatequal for signal <R_sig$cmp_ge0011> created at line 297.
    Found 32-bit comparator greatequal for signal <R_sig$cmp_ge0012> created at line 307.
    Found 32-bit comparator greater for signal <R_sig$cmp_gt0000> created at line 307.
    Found 32-bit comparator lessequal for signal <R_sig$cmp_le0000> created at line 264.
    Found 32-bit comparator lessequal for signal <R_sig$cmp_le0001> created at line 264.
    Found 32-bit comparator lessequal for signal <R_sig$cmp_le0002> created at line 267.
    Found 32-bit comparator lessequal for signal <R_sig$cmp_le0003> created at line 267.
    Found 32-bit comparator lessequal for signal <R_sig$cmp_le0004> created at line 311.
    Found 32-bit comparator lessequal for signal <R_sig$cmp_le0005> created at line 283.
    Found 32-bit comparator lessequal for signal <R_sig$cmp_le0006> created at line 277.
    Found 32-bit comparator lessequal for signal <R_sig$cmp_le0007> created at line 273.
    Found 32-bit comparator lessequal for signal <R_sig$cmp_le0008> created at line 273.
    Found 32-bit comparator lessequal for signal <R_sig$cmp_le0009> created at line 277.
    Found 32-bit comparator lessequal for signal <R_sig$cmp_le0010> created at line 287.
    Found 32-bit comparator lessequal for signal <R_sig$cmp_le0011> created at line 287.
    Found 32-bit comparator lessequal for signal <R_sig$cmp_le0012> created at line 307.
    Found 32-bit comparator less for signal <R_sig$cmp_lt0000> created at line 307.
    Found 4-bit comparator less for signal <R_sig$cmp_lt0001> created at line 312.
    Found 32-bit up counter for signal <v_pos>.
    Found 1-bit register for signal <v_sync_sig>.
    Found 32-bit comparator greater for signal <v_sync_sig$cmp_gt0000> created at line 238.
    Found 32-bit comparator lessequal for signal <v_sync_sig$cmp_le0000> created at line 238.
    Found 1-bit register for signal <video_on>.
    Found 32-bit comparator lessequal for signal <video_on$cmp_le0000> created at line 250.
    Found 32-bit comparator lessequal for signal <video_on$cmp_le0001> created at line 250.
    Summary:
	inferred   7 Counter(s).
	inferred 178 D-type flip-flop(s).
	inferred  13 Adder/Subtractor(s).
	inferred  76 Comparator(s).
Unit <VGAController> synthesized.

INFO:Xst:1767 - HDL ADVISOR - Resource sharing has identified that some arithmetic operations in this design can share the same physical resources for reduced device utilization. For improved clock frequency you may try to disable resource sharing.

=========================================================================
HDL Synthesis Report

Macro Statistics
# Adders/Subtractors                                   : 13
 32-bit adder                                          : 12
 32-bit subtractor                                     : 1
# Counters                                             : 7
 16-bit up counter                                     : 1
 19-bit up counter                                     : 2
 32-bit up counter                                     : 2
 32-bit updown counter                                 : 2
# Registers                                            : 18
 1-bit register                                        : 8
 2-bit register                                        : 1
 32-bit register                                       : 4
 8-bit register                                        : 5
# Comparators                                          : 76
 32-bit comparator greatequal                          : 25
 32-bit comparator greater                             : 12
 32-bit comparator less                                : 12
 32-bit comparator lessequal                           : 26
 4-bit comparator less                                 : 1

=========================================================================

=========================================================================
*                       Advanced HDL Synthesis                          *
=========================================================================

WARNING:Xst:1293 - FF/Latch <ball_B_0> has a constant value of 0 in block <VGAController>. This FF/Latch will be trimmed during the optimization process.
WARNING:Xst:1293 - FF/Latch <ball_B_1> has a constant value of 0 in block <VGAController>. This FF/Latch will be trimmed during the optimization process.
WARNING:Xst:1293 - FF/Latch <ball_B_3> has a constant value of 0 in block <VGAController>. This FF/Latch will be trimmed during the optimization process.
WARNING:Xst:1293 - FF/Latch <ball_B_6> has a constant value of 0 in block <VGAController>. This FF/Latch will be trimmed during the optimization process.
WARNING:Xst:1293 - FF/Latch <ball_G_1> has a constant value of 0 in block <VGAController>. This FF/Latch will be trimmed during the optimization process.
WARNING:Xst:1293 - FF/Latch <ball_G_2> has a constant value of 0 in block <VGAController>. This FF/Latch will be trimmed during the optimization process.
WARNING:Xst:1293 - FF/Latch <ball_G_4> has a constant value of 0 in block <VGAController>. This FF/Latch will be trimmed during the optimization process.
WARNING:Xst:1293 - FF/Latch <ball_G_7> has a constant value of 0 in block <VGAController>. This FF/Latch will be trimmed during the optimization process.
WARNING:Xst:1293 - FF/Latch <B_sig_0> has a constant value of 0 in block <VGAController>. This FF/Latch will be trimmed during the optimization process.
WARNING:Xst:1293 - FF/Latch <B_sig_1> has a constant value of 0 in block <VGAController>. This FF/Latch will be trimmed during the optimization process.
WARNING:Xst:1293 - FF/Latch <B_sig_3> has a constant value of 0 in block <VGAController>. This FF/Latch will be trimmed during the optimization process.
WARNING:Xst:1293 - FF/Latch <B_sig_6> has a constant value of 0 in block <VGAController>. This FF/Latch will be trimmed during the optimization process.
WARNING:Xst:1293 - FF/Latch <G_sig_1> has a constant value of 0 in block <VGAController>. This FF/Latch will be trimmed during the optimization process.
WARNING:Xst:1293 - FF/Latch <G_sig_2> has a constant value of 0 in block <VGAController>. This FF/Latch will be trimmed during the optimization process.

=========================================================================
Advanced HDL Synthesis Report

Macro Statistics
# Adders/Subtractors                                   : 13
 32-bit adder                                          : 12
 4-bit subtractor                                      : 1
# Counters                                             : 7
 16-bit up counter                                     : 1
 19-bit up counter                                     : 2
 32-bit up counter                                     : 2
 32-bit updown counter                                 : 2
# Registers                                            : 178
 Flip-Flops                                            : 178
# Comparators                                          : 76
 32-bit comparator greatequal                          : 25
 32-bit comparator greater                             : 12
 32-bit comparator less                                : 12
 32-bit comparator lessequal                           : 26
 4-bit comparator less                                 : 1

=========================================================================

=========================================================================
*                         Low Level Synthesis                           *
=========================================================================
WARNING:Xst:1293 - FF/Latch <ball_B_0> has a constant value of 0 in block <VGAController>. This FF/Latch will be trimmed during the optimization process.
WARNING:Xst:1293 - FF/Latch <ball_B_1> has a constant value of 0 in block <VGAController>. This FF/Latch will be trimmed during the optimization process.
WARNING:Xst:1293 - FF/Latch <ball_B_3> has a constant value of 0 in block <VGAController>. This FF/Latch will be trimmed during the optimization process.
WARNING:Xst:1293 - FF/Latch <ball_B_6> has a constant value of 0 in block <VGAController>. This FF/Latch will be trimmed during the optimization process.
WARNING:Xst:1293 - FF/Latch <ball_G_1> has a constant value of 0 in block <VGAController>. This FF/Latch will be trimmed during the optimization process.
WARNING:Xst:1293 - FF/Latch <ball_G_2> has a constant value of 0 in block <VGAController>. This FF/Latch will be trimmed during the optimization process.
WARNING:Xst:1293 - FF/Latch <ball_G_4> has a constant value of 0 in block <VGAController>. This FF/Latch will be trimmed during the optimization process.
WARNING:Xst:1293 - FF/Latch <ball_G_7> has a constant value of 0 in block <VGAController>. This FF/Latch will be trimmed during the optimization process.
WARNING:Xst:1293 - FF/Latch <B_sig_0> has a constant value of 0 in block <VGAController>. This FF/Latch will be trimmed during the optimization process.
WARNING:Xst:1293 - FF/Latch <B_sig_1> has a constant value of 0 in block <VGAController>. This FF/Latch will be trimmed during the optimization process.
WARNING:Xst:1293 - FF/Latch <B_sig_3> has a constant value of 0 in block <VGAController>. This FF/Latch will be trimmed during the optimization process.
WARNING:Xst:1293 - FF/Latch <B_sig_6> has a constant value of 0 in block <VGAController>. This FF/Latch will be trimmed during the optimization process.
WARNING:Xst:1293 - FF/Latch <G_sig_1> has a constant value of 0 in block <VGAController>. This FF/Latch will be trimmed during the optimization process.
WARNING:Xst:1293 - FF/Latch <G_sig_2> has a constant value of 0 in block <VGAController>. This FF/Latch will be trimmed during the optimization process.
INFO:Xst:2261 - The FF/Latch <G_sig_4> in Unit <VGAController> is equivalent to the following FF/Latch, which will be removed : <G_sig_7> 
INFO:Xst:2261 - The FF/Latch <ball_B_2> in Unit <VGAController> is equivalent to the following 8 FFs/Latches, which will be removed : <ball_B_4> <ball_B_5> <ball_B_7> <ball_G_0> <ball_G_3> <ball_G_5> <ball_G_6> <ball_state> 
INFO:Xst:2261 - The FF/Latch <R_sig_0> in Unit <VGAController> is equivalent to the following FF/Latch, which will be removed : <R_sig_1> 
INFO:Xst:2261 - The FF/Latch <G_sig_0> in Unit <VGAController> is equivalent to the following FF/Latch, which will be removed : <G_sig_3> 
INFO:Xst:2261 - The FF/Latch <B_sig_2> in Unit <VGAController> is equivalent to the following 2 FFs/Latches, which will be removed : <B_sig_4> <G_sig_6> 
INFO:Xst:2261 - The FF/Latch <B_sig_5> in Unit <VGAController> is equivalent to the following FF/Latch, which will be removed : <G_sig_5> 

Optimizing unit <VGAController> ...

Mapping all equations...
Building and optimizing final netlist ...
Found area constraint ratio of 100 (+ 5) on block VGAController, actual ratio is 20.

Final Macro Processing ...

=========================================================================
Final Register Report

Macro Statistics
# Registers                                            : 332
 Flip-Flops                                            : 332

=========================================================================

=========================================================================
*                           Partition Report                            *
=========================================================================

Partition Implementation Status
-------------------------------

  No Partitions were found in this design.

-------------------------------

=========================================================================
*                            Final Report                               *
=========================================================================
Final Results
RTL Top Level Output File Name     : VGAController.ngr
Top Level Output File Name         : VGAController
Output Format                      : NGC
Optimization Goal                  : Speed
Keep Hierarchy                     : No

Design Statistics
# IOs                              : 32

Cell Usage :
# BELS                             : 3731
#      GND                         : 1
#      INV                         : 154
#      LUT1                        : 415
#      LUT2                        : 634
#      LUT3                        : 137
#      LUT3_D                      : 1
#      LUT4                        : 333
#      LUT4_D                      : 6
#      LUT4_L                      : 7
#      MUXCY                       : 1484
#      MUXF5                       : 2
#      VCC                         : 1
#      XORCY                       : 556
# FlipFlops/Latches                : 332
#      FDE                         : 212
#      FDR                         : 76
#      FDRE                        : 37
#      FDRSE                       : 7
# Clock Buffers                    : 2
#      BUFG                        : 1
#      BUFGP                       : 1
# IO Buffers                       : 31
#      IBUF                        : 4
#      OBUF                        : 27
# Others                           : 2
#      icon                        : 1
#      ila                         : 1
=========================================================================

Device utilization summary:
---------------------------

Selected Device : 3s500efg320-5 

 Number of Slices:                      919  out of   4656    19%  
 Number of Slice Flip Flops:            332  out of   9312     3%  
 Number of 4 input LUTs:               1687  out of   9312    18%  
 Number of IOs:                          32
 Number of bonded IOBs:                  32  out of    232    13%  
 Number of GCLKs:                         2  out of     24     8%  

---------------------------
Partition Resource Summary:
---------------------------

  No Partitions were found in this design.

---------------------------


=========================================================================
TIMING REPORT

NOTE: THESE TIMING NUMBERS ARE ONLY A SYNTHESIS ESTIMATE.
      FOR ACCURATE TIMING INFORMATION PLEASE REFER TO THE TRACE REPORT
      GENERATED AFTER PLACE-and-ROUTE.

Clock Information:
------------------
-----------------------------------+------------------------+-------+
Clock Signal                       | Clock buffer(FF name)  | Load  |
-----------------------------------+------------------------+-------+
pxl_clk1                           | BUFG                   | 331   |
clk                                | BUFGP                  | 1     |
-----------------------------------+------------------------+-------+

Asynchronous Control Signals Information:
----------------------------------------
No asynchronous control signals found in this design

Timing Summary:
---------------
Speed Grade: -5

   Minimum period: 11.997ns (Maximum Frequency: 83.356MHz)
   Minimum input arrival time before clock: 5.887ns
   Maximum output required time after clock: 4.134ns
   Maximum combinational path delay: No path found

Timing Detail:
--------------
All values displayed in nanoseconds (ns)

=========================================================================
Timing constraint: Default period analysis for Clock 'pxl_clk1'
  Clock period: 11.997ns (frequency: 83.356MHz)
  Total number of paths / destination ports: 645106 / 707
-------------------------------------------------------------------------
Delay:               11.997ns (Levels of Logic = 37)
  Source:            ball_h_2 (FF)
  Destination:       ball_dx_1 (FF)
  Source Clock:      pxl_clk1 rising
  Destination Clock: pxl_clk1 rising

  Data Path: ball_h_2 to ball_dx_1
                                Gate     Net
    Cell:in->out      fanout   Delay   Delay  Logical Name (Net Name)
    ----------------------------------------  ------------
     FDE:C->Q              5   0.514   0.690  ball_h_2 (ball_h_2)
     LUT1:I0->O            1   0.612   0.000  Madd_R_sig_add0000_cy<2>_rt (Madd_R_sig_add0000_cy<2>_rt)
     MUXCY:S->O            1   0.404   0.000  Madd_R_sig_add0000_cy<2> (Madd_R_sig_add0000_cy<2>)
     MUXCY:CI->O           1   0.052   0.000  Madd_R_sig_add0000_cy<3> (Madd_R_sig_add0000_cy<3>)
     MUXCY:CI->O           1   0.052   0.000  Madd_R_sig_add0000_cy<4> (Madd_R_sig_add0000_cy<4>)
     MUXCY:CI->O           1   0.052   0.000  Madd_R_sig_add0000_cy<5> (Madd_R_sig_add0000_cy<5>)
     MUXCY:CI->O           1   0.052   0.000  Madd_R_sig_add0000_cy<6> (Madd_R_sig_add0000_cy<6>)
     MUXCY:CI->O           1   0.052   0.000  Madd_R_sig_add0000_cy<7> (Madd_R_sig_add0000_cy<7>)
     MUXCY:CI->O           1   0.052   0.000  Madd_R_sig_add0000_cy<8> (Madd_R_sig_add0000_cy<8>)
     MUXCY:CI->O           1   0.052   0.000  Madd_R_sig_add0000_cy<9> (Madd_R_sig_add0000_cy<9>)
     MUXCY:CI->O           1   0.052   0.000  Madd_R_sig_add0000_cy<10> (Madd_R_sig_add0000_cy<10>)
     MUXCY:CI->O           1   0.052   0.000  Madd_R_sig_add0000_cy<11> (Madd_R_sig_add0000_cy<11>)
     MUXCY:CI->O           1   0.052   0.000  Madd_R_sig_add0000_cy<12> (Madd_R_sig_add0000_cy<12>)
     MUXCY:CI->O           1   0.052   0.000  Madd_R_sig_add0000_cy<13> (Madd_R_sig_add0000_cy<13>)
     MUXCY:CI->O           1   0.052   0.000  Madd_R_sig_add0000_cy<14> (Madd_R_sig_add0000_cy<14>)
     MUXCY:CI->O           1   0.052   0.000  Madd_R_sig_add0000_cy<15> (Madd_R_sig_add0000_cy<15>)
     MUXCY:CI->O           1   0.052   0.000  Madd_R_sig_add0000_cy<16> (Madd_R_sig_add0000_cy<16>)
     MUXCY:CI->O           1   0.052   0.000  Madd_R_sig_add0000_cy<17> (Madd_R_sig_add0000_cy<17>)
     MUXCY:CI->O           1   0.052   0.000  Madd_R_sig_add0000_cy<18> (Madd_R_sig_add0000_cy<18>)
     MUXCY:CI->O           1   0.052   0.000  Madd_R_sig_add0000_cy<19> (Madd_R_sig_add0000_cy<19>)
     MUXCY:CI->O           1   0.052   0.000  Madd_R_sig_add0000_cy<20> (Madd_R_sig_add0000_cy<20>)
     MUXCY:CI->O           1   0.052   0.000  Madd_R_sig_add0000_cy<21> (Madd_R_sig_add0000_cy<21>)
     MUXCY:CI->O           1   0.052   0.000  Madd_R_sig_add0000_cy<22> (Madd_R_sig_add0000_cy<22>)
     MUXCY:CI->O           1   0.052   0.000  Madd_R_sig_add0000_cy<23> (Madd_R_sig_add0000_cy<23>)
     MUXCY:CI->O           1   0.052   0.000  Madd_R_sig_add0000_cy<24> (Madd_R_sig_add0000_cy<24>)
     MUXCY:CI->O           1   0.052   0.000  Madd_R_sig_add0000_cy<25> (Madd_R_sig_add0000_cy<25>)
     MUXCY:CI->O           1   0.052   0.000  Madd_R_sig_add0000_cy<26> (Madd_R_sig_add0000_cy<26>)
     MUXCY:CI->O           1   0.052   0.000  Madd_R_sig_add0000_cy<27> (Madd_R_sig_add0000_cy<27>)
     MUXCY:CI->O           1   0.052   0.000  Madd_R_sig_add0000_cy<28> (Madd_R_sig_add0000_cy<28>)
     MUXCY:CI->O           1   0.052   0.000  Madd_R_sig_add0000_cy<29> (Madd_R_sig_add0000_cy<29>)
     MUXCY:CI->O           0   0.052   0.000  Madd_R_sig_add0000_cy<30> (Madd_R_sig_add0000_cy<30>)
     XORCY:CI->O          70   0.699   1.083  Madd_R_sig_add0000_xor<31> (R_sig_add0000<31>)
     INV:I->O              1   0.612   0.000  Mcompar_ball_B_cmp_lt0000_lut<13>1_INV_0 (Mcompar_ball_B_cmp_lt0000_lut<13>)
     MUXCY:S->O            4   0.752   0.529  Mcompar_ball_B_cmp_lt0000_cy<13> (Mcompar_ball_B_cmp_lt0000_cy<13>)
     LUT3:I2->O            3   0.612   0.481  ball_dx_and00071 (ball_dx_and0007)
     LUT3:I2->O            1   0.612   0.360  ball_dx_mux0000<0>230_SW0 (N12)
     LUT4_D:I3->O         30   0.612   1.102  ball_dx_mux0000<0>230 (N5)
     LUT3:I2->O            1   0.612   0.000  ball_dx_mux0000<8>1 (ball_dx_mux0000<8>)
     FDE:D                     0.268          ball_dx_23
    ----------------------------------------
    Total                     11.997ns (7.751ns logic, 4.246ns route)
                                       (64.6% logic, 35.4% route)

=========================================================================
Timing constraint: Default period analysis for Clock 'clk'
  Clock period: 1.760ns (frequency: 568.069MHz)
  Total number of paths / destination ports: 1 / 1
-------------------------------------------------------------------------
Delay:               1.760ns (Levels of Logic = 0)
  Source:            pxl_clk (FF)
  Destination:       pxl_clk (FF)
  Source Clock:      clk rising
  Destination Clock: clk rising

  Data Path: pxl_clk to pxl_clk
                                Gate     Net
    Cell:in->out      fanout   Delay   Delay  Logical Name (Net Name)
    ----------------------------------------  ------------
     FDR:C->Q              3   0.514   0.451  pxl_clk (pxl_clk1)
     FDR:R                     0.795          pxl_clk
    ----------------------------------------
    Total                      1.760ns (1.309ns logic, 0.451ns route)
                                       (74.4% logic, 25.6% route)

=========================================================================
Timing constraint: Default OFFSET IN BEFORE for Clock 'pxl_clk1'
  Total number of paths / destination ports: 1248 / 128
-------------------------------------------------------------------------
Offset:              5.887ns (Levels of Logic = 34)
  Source:            sw<0> (PAD)
  Destination:       paddle1_top_31 (FF)
  Destination Clock: pxl_clk1 rising

  Data Path: sw<0> to paddle1_top_31
                                Gate     Net
    Cell:in->out      fanout   Delay   Delay  Logical Name (Net Name)
    ----------------------------------------  ------------
     IBUF:I->O            33   1.106   1.225  sw_0_IBUF (sw_0_IBUF)
     LUT2:I0->O            2   0.612   0.380  paddle1_top_not0003_inv2 (paddle1_top_not0003_inv)
     MUXCY:CI->O           1   0.052   0.000  Mcount_paddle1_top_cy<0> (Mcount_paddle1_top_cy<0>)
     MUXCY:CI->O           1   0.052   0.000  Mcount_paddle1_top_cy<1> (Mcount_paddle1_top_cy<1>)
     MUXCY:CI->O           1   0.052   0.000  Mcount_paddle1_top_cy<2> (Mcount_paddle1_top_cy<2>)
     MUXCY:CI->O           1   0.052   0.000  Mcount_paddle1_top_cy<3> (Mcount_paddle1_top_cy<3>)
     MUXCY:CI->O           1   0.052   0.000  Mcount_paddle1_top_cy<4> (Mcount_paddle1_top_cy<4>)
     MUXCY:CI->O           1   0.052   0.000  Mcount_paddle1_top_cy<5> (Mcount_paddle1_top_cy<5>)
     MUXCY:CI->O           1   0.052   0.000  Mcount_paddle1_top_cy<6> (Mcount_paddle1_top_cy<6>)
     MUXCY:CI->O           1   0.052   0.000  Mcount_paddle1_top_cy<7> (Mcount_paddle1_top_cy<7>)
     MUXCY:CI->O           1   0.052   0.000  Mcount_paddle1_top_cy<8> (Mcount_paddle1_top_cy<8>)
     MUXCY:CI->O           1   0.052   0.000  Mcount_paddle1_top_cy<9> (Mcount_paddle1_top_cy<9>)
     MUXCY:CI->O           1   0.052   0.000  Mcount_paddle1_top_cy<10> (Mcount_paddle1_top_cy<10>)
     MUXCY:CI->O           1   0.051   0.000  Mcount_paddle1_top_cy<11> (Mcount_paddle1_top_cy<11>)
     MUXCY:CI->O           1   0.051   0.000  Mcount_paddle1_top_cy<12> (Mcount_paddle1_top_cy<12>)
     MUXCY:CI->O           1   0.051   0.000  Mcount_paddle1_top_cy<13> (Mcount_paddle1_top_cy<13>)
     MUXCY:CI->O           1   0.051   0.000  Mcount_paddle1_top_cy<14> (Mcount_paddle1_top_cy<14>)
     MUXCY:CI->O           1   0.051   0.000  Mcount_paddle1_top_cy<15> (Mcount_paddle1_top_cy<15>)
     MUXCY:CI->O           1   0.051   0.000  Mcount_paddle1_top_cy<16> (Mcount_paddle1_top_cy<16>)
     MUXCY:CI->O           1   0.051   0.000  Mcount_paddle1_top_cy<17> (Mcount_paddle1_top_cy<17>)
     MUXCY:CI->O           1   0.051   0.000  Mcount_paddle1_top_cy<18> (Mcount_paddle1_top_cy<18>)
     MUXCY:CI->O           1   0.051   0.000  Mcount_paddle1_top_cy<19> (Mcount_paddle1_top_cy<19>)
     MUXCY:CI->O           1   0.051   0.000  Mcount_paddle1_top_cy<20> (Mcount_paddle1_top_cy<20>)
     MUXCY:CI->O           1   0.051   0.000  Mcount_paddle1_top_cy<21> (Mcount_paddle1_top_cy<21>)
     MUXCY:CI->O           1   0.051   0.000  Mcount_paddle1_top_cy<22> (Mcount_paddle1_top_cy<22>)
     MUXCY:CI->O           1   0.051   0.000  Mcount_paddle1_top_cy<23> (Mcount_paddle1_top_cy<23>)
     MUXCY:CI->O           1   0.051   0.000  Mcount_paddle1_top_cy<24> (Mcount_paddle1_top_cy<24>)
     MUXCY:CI->O           1   0.051   0.000  Mcount_paddle1_top_cy<25> (Mcount_paddle1_top_cy<25>)
     MUXCY:CI->O           1   0.051   0.000  Mcount_paddle1_top_cy<26> (Mcount_paddle1_top_cy<26>)
     MUXCY:CI->O           1   0.051   0.000  Mcount_paddle1_top_cy<27> (Mcount_paddle1_top_cy<27>)
     MUXCY:CI->O           1   0.051   0.000  Mcount_paddle1_top_cy<28> (Mcount_paddle1_top_cy<28>)
     MUXCY:CI->O           1   0.051   0.000  Mcount_paddle1_top_cy<29> (Mcount_paddle1_top_cy<29>)
     MUXCY:CI->O           0   0.051   0.000  Mcount_paddle1_top_cy<30> (Mcount_paddle1_top_cy<30>)
     XORCY:CI->O           1   0.699   0.000  Mcount_paddle1_top_xor<31> (Result<31>)
     FDE:D                     0.268          paddle1_top_31
    ----------------------------------------
    Total                      5.887ns (4.281ns logic, 1.605ns route)
                                       (72.7% logic, 27.3% route)

=========================================================================
Timing constraint: Default OFFSET OUT AFTER for Clock 'pxl_clk1'
  Total number of paths / destination ports: 44 / 44
-------------------------------------------------------------------------
Offset:              4.134ns (Levels of Logic = 1)
  Source:            B_sig_2 (FF)
  Destination:       B<4> (PAD)
  Source Clock:      pxl_clk1 rising

  Data Path: B_sig_2 to B<4>
                                Gate     Net
    Cell:in->out      fanout   Delay   Delay  Logical Name (Net Name)
    ----------------------------------------  ------------
     FDRE:C->Q             3   0.514   0.451  B_sig_2 (B_sig_2)
     OBUF:I->O                 3.169          B_4_OBUF (B<4>)
    ----------------------------------------
    Total                      4.134ns (3.683ns logic, 0.451ns route)
                                       (89.1% logic, 10.9% route)

=========================================================================
Timing constraint: Default OFFSET OUT AFTER for Clock 'clk'
  Total number of paths / destination ports: 1 / 1
-------------------------------------------------------------------------
Offset:              4.134ns (Levels of Logic = 1)
  Source:            pxl_clk (FF)
  Destination:       DAC_clk (PAD)
  Source Clock:      clk rising

  Data Path: pxl_clk to DAC_clk
                                Gate     Net
    Cell:in->out      fanout   Delay   Delay  Logical Name (Net Name)
    ----------------------------------------  ------------
     FDR:C->Q              3   0.514   0.451  pxl_clk (pxl_clk1)
     OBUF:I->O                 3.169          DAC_clk_OBUF (DAC_clk)
    ----------------------------------------
    Total                      4.134ns (3.683ns logic, 0.451ns route)
                                       (89.1% logic, 10.9% route)

=========================================================================


Total REAL time to Xst completion: 10.00 secs
Total CPU time to Xst completion: 8.70 secs
 
--> 


Total memory usage is 780432 kilobytes

Number of errors   :    0 (   0 filtered)
Number of warnings :   39 (   0 filtered)
Number of infos    :    8 (   0 filtered)

